INFO:root:*** PARAMETERS ***
INFO:root:{'adj_mat_time_window': 1,
 'class_weights': [0.1, 0.9],
 'comments': ['comments'],
 'data': 'sbm50',
 'data_loading_params': {'batch_size': 1, 'num_workers': 8},
 'dev_proportion': 0.1,
 'device': 'cpu',
 'early_stop_patience': 50,
 'eval_after_epochs': 5,
 'gcn_parameters': {'cls_feats': 100,
                    'cls_feats_max': 800,
                    'cls_feats_min': 100,
                    'feats_per_node': 100,
                    'feats_per_node_max': 256,
                    'feats_per_node_min': 50,
                    'k_top_grcu': 200,
                    'layer_1_feats': 100,
                    'layer_1_feats_max': 200,
                    'layer_1_feats_min': 10,
                    'layer_2_feats': 100,
                    'layer_2_feats_same_as_l1': True,
                    'lstm_l1_feats': 100,
                    'lstm_l1_feats_max': 200,
                    'lstm_l1_feats_min': 10,
                    'lstm_l1_layers': 1,
                    'lstm_l2_feats': 100,
                    'lstm_l2_feats_same_as_l1': True,
                    'lstm_l2_layers': 1,
                    'num_layers': 2},
 'learning_rate': 0.005,
 'learning_rate_max': 0.1,
 'learning_rate_min': 0.0001,
 'model': 'egcn_o',
 'negative_mult_test': 100,
 'negative_mult_training': 50,
 'num_epochs': 100,
 'num_hist_steps': 5,
 'num_hist_steps_max': 10,
 'num_hist_steps_min': 1,
 'rank': 0,
 'save_node_embeddings': False,
 'sbm50_args': {'aggr_time': 1,
                'edges_file': 'sbm_50t_1000n_adj.csv',
                'feats_per_node': 3,
                'folder': './data/'},
 'sbm_args': <utils.Namespace object at 0x2b2faccbb220>,
 'seed': 1234,
 'smart_neg_sampling': True,
 'steps_accum_gradients': 1,
 'target_class': 1,
 'target_measure': 'MAP',
 'task': 'link_pred',
 'train_proportion': 0.7,
 'use_1_hot_node_feats': True,
 'use_2_hot_node_feats': False,
 'use_cuda': False,
 'use_logfile': True,
 'wsize': 1}
INFO:root:
INFO:root:################ TRAIN epoch 0 ###################
INFO:root:TRAIN mean losses tensor(0.1137)
INFO:root:TRAIN mean errors 0.428610235452652
INFO:root:TRAIN mean MRR 0.0 - mean MAP 0.16393601894378662
INFO:root:TRAIN tp {0: tensor(14681416), 1: tensor(1872310)},fn {0: tensor(11454384), 1: tensor(962880)},fp {0: tensor(962880), 1: tensor(11454384)}
INFO:root:TRAIN measures microavg - precision 0.5714 - recall 0.5714 - f1 0.5714 
INFO:root:TRAIN measures for class 0 - precision 0.9385 - recall 0.5617 - f1 0.7028 
INFO:root:TRAIN measures for class 1 - precision 0.1405 - recall 0.6604 - f1 0.2317 
INFO:root:TRAIN measures@10 microavg - precision 0.5340 - recall 0.0000 - f1 0.0000 
INFO:root:TRAIN measures@10 for class 0 - precision 0.8917 - recall 0.0000 - f1 0.0000 
INFO:root:TRAIN measures@10 for class 1 - precision 0.1609 - recall 0.0000 - f1 0.0000 
INFO:root:TRAIN measures@100 microavg - precision 0.5562 - recall 0.0001 - f1 0.0002 
INFO:root:TRAIN measures@100 for class 0 - precision 0.9062 - recall 0.0001 - f1 0.0002 
INFO:root:TRAIN measures@100 for class 1 - precision 0.1909 - recall 0.0002 - f1 0.0003 
INFO:root:TRAIN measures@1000 microavg - precision 0.5700 - recall 0.0009 - f1 0.0018 
INFO:root:TRAIN measures@1000 for class 0 - precision 0.9113 - recall 0.0008 - f1 0.0017 
INFO:root:TRAIN measures@1000 for class 1 - precision 0.2137 - recall 0.0017 - f1 0.0034 
INFO:root:TRAIN Total epoch time: 221.935646452941
INFO:root:################ TRAIN epoch 1 ###################
INFO:root:TRAIN mean losses tensor(0.0985)
INFO:root:TRAIN mean errors 0.4116557240486145
INFO:root:TRAIN mean MRR 0.0 - mean MAP 0.20071826875209808
INFO:root:TRAIN tp {0: tensor(14465915), 1: tensor(2579000)},fn {0: tensor(11669885), 1: tensor(256190)},fp {0: tensor(256190), 1: tensor(11669885)}
INFO:root:TRAIN measures microavg - precision 0.5883 - recall 0.5883 - f1 0.5883 
INFO:root:TRAIN measures for class 0 - precision 0.9826 - recall 0.5535 - f1 0.7081 
INFO:root:TRAIN measures for class 1 - precision 0.1810 - recall 0.9096 - f1 0.3019 
INFO:root:TRAIN measures@10 microavg - precision 0.6397 - recall 0.0000 - f1 0.0000 
INFO:root:TRAIN measures@10 for class 0 - precision 1.0000 - recall 0.0000 - f1 0.0000 
INFO:root:TRAIN measures@10 for class 1 - precision 0.2793 - recall 0.0000 - f1 0.0001 
INFO:root:TRAIN measures@100 microavg - precision 0.6336 - recall 0.0001 - f1 0.0003 
INFO:root:TRAIN measures@100 for class 0 - precision 0.9986 - recall 0.0001 - f1 0.0002 
INFO:root:TRAIN measures@100 for class 1 - precision 0.2686 - recall 0.0003 - f1 0.0005 
INFO:root:TRAIN measures@1000 microavg - precision 0.6314 - recall 0.0013 - f1 0.0025 
INFO:root:TRAIN measures@1000 for class 0 - precision 0.9988 - recall 0.0011 - f1 0.0022 
INFO:root:TRAIN measures@1000 for class 1 - precision 0.2641 - recall 0.0027 - f1 0.0053 
INFO:root:TRAIN Total epoch time: 221.61857712082565
INFO:root:################ TRAIN epoch 2 ###################
INFO:root:TRAIN mean losses tensor(0.0981)
INFO:root:TRAIN mean errors 0.4302043616771698
INFO:root:TRAIN mean MRR 0.0 - mean MAP 0.20040561258792877
INFO:root:TRAIN tp {0: tensor(13901935), 1: tensor(2605608)},fn {0: tensor(12233865), 1: tensor(229582)},fp {0: tensor(229582), 1: tensor(12233865)}
INFO:root:TRAIN measures microavg - precision 0.5698 - recall 0.5698 - f1 0.5698 
INFO:root:TRAIN measures for class 0 - precision 0.9838 - recall 0.5319 - f1 0.6905 
INFO:root:TRAIN measures for class 1 - precision 0.1756 - recall 0.9190 - f1 0.2948 
INFO:root:TRAIN measures@10 microavg - precision 0.6345 - recall 0.0000 - f1 0.0000 
INFO:root:TRAIN measures@10 for class 0 - precision 1.0000 - recall 0.0000 - f1 0.0000 
INFO:root:TRAIN measures@10 for class 1 - precision 0.2690 - recall 0.0000 - f1 0.0001 
INFO:root:TRAIN measures@100 microavg - precision 0.6371 - recall 0.0001 - f1 0.0003 
INFO:root:TRAIN measures@100 for class 0 - precision 0.9993 - recall 0.0001 - f1 0.0002 
INFO:root:TRAIN measures@100 for class 1 - precision 0.2748 - recall 0.0003 - f1 0.0006 
INFO:root:TRAIN measures@1000 microavg - precision 0.6293 - recall 0.0013 - f1 0.0025 
INFO:root:TRAIN measures@1000 for class 0 - precision 0.9988 - recall 0.0011 - f1 0.0022 
INFO:root:TRAIN measures@1000 for class 1 - precision 0.2599 - recall 0.0027 - f1 0.0053 
INFO:root:TRAIN Total epoch time: 218.8500494826585
INFO:root:################ TRAIN epoch 3 ###################
INFO:root:TRAIN mean losses tensor(0.1000)
INFO:root:TRAIN mean errors 0.4347818195819855
INFO:root:TRAIN mean MRR 0.0 - mean MAP 0.1968221813440323
INFO:root:TRAIN tp {0: tensor(13790859), 1: tensor(2584070)},fn {0: tensor(12344941), 1: tensor(251120)},fp {0: tensor(251120), 1: tensor(12344941)}
INFO:root:TRAIN measures microavg - precision 0.5652 - recall 0.5652 - f1 0.5652 
INFO:root:TRAIN measures for class 0 - precision 0.9821 - recall 0.5277 - f1 0.6865 
INFO:root:TRAIN measures for class 1 - precision 0.1731 - recall 0.9114 - f1 0.2909 
INFO:root:TRAIN measures@10 microavg - precision 0.6526 - recall 0.0000 - f1 0.0000 
INFO:root:TRAIN measures@10 for class 0 - precision 1.0000 - recall 0.0000 - f1 0.0000 
INFO:root:TRAIN measures@10 for class 1 - precision 0.2929 - recall 0.0000 - f1 0.0001 
INFO:root:TRAIN measures@100 microavg - precision 0.6442 - recall 0.0001 - f1 0.0003 
INFO:root:TRAIN measures@100 for class 0 - precision 0.9997 - recall 0.0001 - f1 0.0002 
INFO:root:TRAIN measures@100 for class 1 - precision 0.2761 - recall 0.0003 - f1 0.0005 
INFO:root:TRAIN measures@1000 microavg - precision 0.6329 - recall 0.0012 - f1 0.0025 
INFO:root:TRAIN measures@1000 for class 0 - precision 0.9989 - recall 0.0011 - f1 0.0022 
INFO:root:TRAIN measures@1000 for class 1 - precision 0.2538 - recall 0.0025 - f1 0.0050 
INFO:root:TRAIN Total epoch time: 220.2900249119848
INFO:root:################ TRAIN epoch 4 ###################
INFO:root:TRAIN mean losses tensor(0.0997)
INFO:root:TRAIN mean errors 0.44230547547340393
INFO:root:TRAIN mean MRR 0.0 - mean MAP 0.19743774831295013
INFO:root:TRAIN tp {0: tensor(13580952), 1: tensor(2576010)},fn {0: tensor(12554848), 1: tensor(259180)},fp {0: tensor(259180), 1: tensor(12554848)}
INFO:root:TRAIN measures microavg - precision 0.5577 - recall 0.5577 - f1 0.5577 
INFO:root:TRAIN measures for class 0 - precision 0.9813 - recall 0.5196 - f1 0.6795 
INFO:root:TRAIN measures for class 1 - precision 0.1702 - recall 0.9086 - f1 0.2868 
INFO:root:TRAIN measures@10 microavg - precision 0.6534 - recall 0.0000 - f1 0.0000 
INFO:root:TRAIN measures@10 for class 0 - precision 1.0000 - recall 0.0000 - f1 0.0000 
INFO:root:TRAIN measures@10 for class 1 - precision 0.3069 - recall 0.0000 - f1 0.0001 
INFO:root:TRAIN measures@100 microavg - precision 0.6293 - recall 0.0001 - f1 0.0003 
INFO:root:TRAIN measures@100 for class 0 - precision 0.9997 - recall 0.0001 - f1 0.0002 
INFO:root:TRAIN measures@100 for class 1 - precision 0.2590 - recall 0.0003 - f1 0.0005 
INFO:root:TRAIN measures@1000 microavg - precision 0.6261 - recall 0.0013 - f1 0.0025 
INFO:root:TRAIN measures@1000 for class 0 - precision 0.9991 - recall 0.0011 - f1 0.0022 
INFO:root:TRAIN measures@1000 for class 1 - precision 0.2530 - recall 0.0026 - f1 0.0051 
INFO:root:TRAIN Total epoch time: 222.4298779629171
INFO:root:################ TRAIN epoch 5 ###################
INFO:root:TRAIN mean losses tensor(0.1030)
INFO:root:TRAIN mean errors 0.4922487735748291
INFO:root:TRAIN mean MRR 0.0 - mean MAP 0.1940498799085617
INFO:root:TRAIN tp {0: tensor(12079884), 1: tensor(2630171)},fn {0: tensor(14055916), 1: tensor(205019)},fp {0: tensor(205019), 1: tensor(14055916)}
INFO:root:TRAIN measures microavg - precision 0.5078 - recall 0.5078 - f1 0.5078 
INFO:root:TRAIN measures for class 0 - precision 0.9833 - recall 0.4622 - f1 0.6288 
INFO:root:TRAIN measures for class 1 - precision 0.1576 - recall 0.9277 - f1 0.2695 
INFO:root:TRAIN measures@10 microavg - precision 0.6555 - recall 0.0000 - f1 0.0000 
INFO:root:TRAIN measures@10 for class 0 - precision 1.0000 - recall 0.0000 - f1 0.0000 
INFO:root:TRAIN measures@10 for class 1 - precision 0.3025 - recall 0.0000 - f1 0.0001 
INFO:root:TRAIN measures@100 microavg - precision 0.6363 - recall 0.0001 - f1 0.0002 
INFO:root:TRAIN measures@100 for class 0 - precision 0.9996 - recall 0.0001 - f1 0.0002 
INFO:root:TRAIN measures@100 for class 1 - precision 0.2715 - recall 0.0003 - f1 0.0005 
INFO:root:TRAIN measures@1000 microavg - precision 0.6256 - recall 0.0012 - f1 0.0024 
INFO:root:TRAIN measures@1000 for class 0 - precision 0.9988 - recall 0.0011 - f1 0.0021 
INFO:root:TRAIN measures@1000 for class 1 - precision 0.2577 - recall 0.0026 - f1 0.0051 
INFO:root:TRAIN Total epoch time: 224.15095542836934
INFO:root:################ TRAIN epoch 6 ###################
